<?xml version="1.0" encoding="UTF-8"?>
<coverage generated="1651492820205" clover="3.2.0">
  <project timestamp="1651492820205" name="All files">
    <metrics statements="10" coveredstatements="10" conditionals="4" coveredconditionals="4" methods="1" coveredmethods="1" elements="15" coveredelements="15" complexity="0" loc="10" ncloc="10" packages="1" files="1" classes="1"/>
    <file name="longestCommonSubsequence.ts" path="C:\Users\USER\Desktop\nodejs\Project\CodingNotes\algorithm\dynamical_programming\longestCommonSubsequence.ts">
      <metrics statements="10" coveredstatements="10" conditionals="4" coveredconditionals="4" methods="1" coveredmethods="1"/>
      <line num="2" count="1" type="stmt"/>
      <line num="3" count="111917" type="cond" truecount="3" falsecount="0"/>
      <line num="4" count="67211" type="stmt"/>
      <line num="5" count="67211" type="stmt"/>
      <line num="6" count="67211" type="cond" truecount="1" falsecount="0"/>
      <line num="7" count="22511" type="stmt"/>
      <line num="9" count="44700" type="stmt"/>
      <line num="13" count="1" type="stmt"/>
      <line num="14" count="1" type="stmt"/>
      <line num="15" count="1" type="stmt"/>
    </file>
  </project>
</coverage>
