<?xml version="1.0" encoding="UTF-8"?>
<coverage generated="1651578403557" clover="3.2.0">
  <project timestamp="1651578403557" name="All files">
    <metrics statements="46" coveredstatements="46" conditionals="11" coveredconditionals="11" methods="6" coveredmethods="6" elements="63" coveredelements="63" complexity="0" loc="46" ncloc="46" packages="1" files="1" classes="1"/>
    <file name="longestCommonSubsequence.ts" path="C:\Users\USER\Desktop\nodejs\Project\CodingNotes\algorithm\dynamical_programming\longestCommonSubsequence.ts">
      <metrics statements="46" coveredstatements="46" conditionals="11" coveredconditionals="11" methods="6" coveredmethods="6"/>
      <line num="2" count="1" type="stmt"/>
      <line num="3" count="112131" type="cond" truecount="3" falsecount="0"/>
      <line num="4" count="67350" type="stmt"/>
      <line num="5" count="67350" type="stmt"/>
      <line num="6" count="67350" type="cond" truecount="1" falsecount="0"/>
      <line num="7" count="22575" type="stmt"/>
      <line num="9" count="44775" type="stmt"/>
      <line num="13" count="1" type="stmt"/>
      <line num="14" count="1" type="stmt"/>
      <line num="15" count="1" type="stmt"/>
      <line num="18" count="1" type="stmt"/>
      <line num="20" count="1" type="stmt"/>
      <line num="22" count="40" type="stmt"/>
      <line num="23" count="40" type="stmt"/>
      <line num="24" count="6" type="stmt"/>
      <line num="25" count="6" type="stmt"/>
      <line num="26" count="6" type="stmt"/>
      <line num="35" count="6" type="stmt"/>
      <line num="36" count="34" type="stmt"/>
      <line num="37" count="264" type="cond" truecount="2" falsecount="0"/>
      <line num="38" count="55" type="stmt"/>
      <line num="39" count="55" type="stmt"/>
      <line num="41" count="209" type="cond" truecount="2" falsecount="0"/>
      <line num="43" count="72" type="stmt"/>
      <line num="44" count="72" type="stmt"/>
      <line num="47" count="137" type="stmt"/>
      <line num="48" count="137" type="stmt"/>
      <line num="55" count="6" type="stmt"/>
      <line num="57" count="6" type="stmt"/>
      <line num="58" count="6" type="stmt"/>
      <line num="59" count="6" type="stmt"/>
      <line num="60" count="6" type="stmt"/>
      <line num="61" count="6" type="stmt"/>
      <line num="62" count="42" type="stmt"/>
      <line num="63" count="42" type="cond" truecount="3" falsecount="0"/>
      <line num="65" count="21" type="stmt"/>
      <line num="66" count="21" type="stmt"/>
      <line num="67" count="21" type="stmt"/>
      <line num="68" count="21" type="stmt"/>
      <line num="69" count="21" type="stmt"/>
      <line num="71" count="10" type="stmt"/>
      <line num="72" count="10" type="stmt"/>
      <line num="74" count="11" type="stmt"/>
      <line num="75" count="11" type="stmt"/>
      <line num="79" count="6" type="stmt"/>
      <line num="82" count="6" type="stmt"/>
    </file>
  </project>
</coverage>
