{"C:\\Users\\USER\\Desktop\\nodejs\\Project\\CodingNotes\\algorithm\\backtracking\\kmpSubstring.ts": {"path":"C:\\Users\\USER\\Desktop\\nodejs\\Project\\CodingNotes\\algorithm\\backtracking\\kmpSubstring.ts","statementMap":{"0":{"start":{"line":21,"column":15},"end":{"line":21,"column":61}},"1":{"start":{"line":22,"column":0},"end":{"line":22,"column":null}},"2":{"start":{"line":25,"column":16},"end":{"line":25,"column":36}},"3":{"start":{"line":26,"column":0},"end":{"line":26,"column":null}},"4":{"start":{"line":30,"column":30},"end":{"line":30,"column":65}},"5":{"start":{"line":31,"column":10},"end":{"line":31,"column":11}},"6":{"start":{"line":32,"column":10},"end":{"line":32,"column":11}},"7":{"start":{"line":33,"column":4},"end":{"line":46,"column":null}},"8":{"start":{"line":34,"column":8},"end":{"line":45,"column":null}},"9":{"start":{"line":35,"column":12},"end":{"line":35,"column":null}},"10":{"start":{"line":36,"column":12},"end":{"line":36,"column":null}},"11":{"start":{"line":37,"column":12},"end":{"line":37,"column":null}},"12":{"start":{"line":39,"column":12},"end":{"line":43,"column":null}},"13":{"start":{"line":40,"column":16},"end":{"line":40,"column":null}},"14":{"start":{"line":41,"column":16},"end":{"line":41,"column":null}},"15":{"start":{"line":42,"column":16},"end":{"line":42,"column":24}},"16":{"start":{"line":44,"column":12},"end":{"line":44,"column":null}},"17":{"start":{"line":47,"column":4},"end":{"line":47,"column":null}},"18":{"start":{"line":29,"column":0},"end":{"line":29,"column":16}},"19":{"start":{"line":53,"column":17},"end":{"line":53,"column":35}},"20":{"start":{"line":54,"column":0},"end":{"line":54,"column":null}},"21":{"start":{"line":55,"column":0},"end":{"line":55,"column":null}},"22":{"start":{"line":56,"column":10},"end":{"line":56,"column":11}},"23":{"start":{"line":57,"column":0},"end":{"line":69,"column":null}},"24":{"start":{"line":57,"column":10},"end":{"line":57,"column":11}},"25":{"start":{"line":58,"column":4},"end":{"line":58,"column":null}},"26":{"start":{"line":59,"column":4},"end":{"line":68,"column":null}},"27":{"start":{"line":60,"column":8},"end":{"line":60,"column":null}},"28":{"start":{"line":61,"column":8},"end":{"line":63,"column":null}},"29":{"start":{"line":62,"column":12},"end":{"line":62,"column":null}},"30":{"start":{"line":65,"column":8},"end":{"line":67,"column":null}},"31":{"start":{"line":66,"column":12},"end":{"line":66,"column":null}},"32":{"start":{"line":70,"column":0},"end":{"line":70,"column":null}},"33":{"start":{"line":51,"column":0},"end":{"line":51,"column":16}}},"fnMap":{"0":{"name":"findPfx","decl":{"start":{"line":29,"column":16},"end":{"line":29,"column":23}},"loc":{"start":{"line":29,"column":40},"end":{"line":48,"column":1}}},"1":{"name":"kmp","decl":{"start":{"line":51,"column":16},"end":{"line":51,"column":19}},"loc":{"start":{"line":51,"column":48},"end":{"line":71,"column":1}}}},"branchMap":{"0":{"loc":{"start":{"line":34,"column":8},"end":{"line":45,"column":null}},"type":"if","locations":[{"start":{"line":34,"column":8},"end":{"line":45,"column":null}},{"start":{"line":38,"column":13},"end":{"line":45,"column":null}}]},"1":{"loc":{"start":{"line":39,"column":12},"end":{"line":43,"column":null}},"type":"if","locations":[{"start":{"line":39,"column":12},"end":{"line":43,"column":null}}]},"2":{"loc":{"start":{"line":59,"column":4},"end":{"line":68,"column":null}},"type":"if","locations":[{"start":{"line":59,"column":4},"end":{"line":68,"column":null}},{"start":{"line":64,"column":9},"end":{"line":68,"column":null}}]},"3":{"loc":{"start":{"line":61,"column":8},"end":{"line":63,"column":null}},"type":"if","locations":[{"start":{"line":61,"column":8},"end":{"line":63,"column":null}}]},"4":{"loc":{"start":{"line":65,"column":8},"end":{"line":67,"column":null}},"type":"if","locations":[{"start":{"line":65,"column":8},"end":{"line":67,"column":null}}]}},"s":{"0":1,"1":1,"2":1,"3":1,"4":8,"5":8,"6":8,"7":8,"8":43,"9":21,"10":21,"11":21,"12":22,"13":13,"14":13,"15":13,"16":9,"17":8,"18":1,"19":5,"20":5,"21":5,"22":5,"23":5,"24":5,"25":62,"26":62,"27":40,"28":40,"29":4,"30":22,"31":11,"32":1,"33":1},"f":{"0":8,"1":5},"b":{"0":[21,22],"1":[13],"2":[40,22],"3":[4],"4":[11]}}
}
