{"C:\\Users\\USER\\Desktop\\nodejs\\Project\\CodingNotes\\algorithm\\backtracking\\permutation.ts": {"path":"C:\\Users\\USER\\Desktop\\nodejs\\Project\\CodingNotes\\algorithm\\backtracking\\permutation.ts","statementMap":{"0":{"start":{"line":2,"column":15},"end":{"line":2,"column":46}},"1":{"start":{"line":3,"column":0},"end":{"line":3,"column":null}},"2":{"start":{"line":6,"column":29},"end":{"line":6,"column":31}},"3":{"start":{"line":7,"column":4},"end":{"line":7,"column":null}},"4":{"start":{"line":8,"column":4},"end":{"line":8,"column":null}},"5":{"start":{"line":12,"column":20},"end":{"line":12,"column":32}},"6":{"start":{"line":13,"column":8},"end":{"line":18,"column":null}},"7":{"start":{"line":15,"column":14},"end":{"line":18,"column":null}},"8":{"start":{"line":17,"column":12},"end":{"line":17,"column":null}},"9":{"start":{"line":20,"column":8},"end":{"line":24,"column":null}},"10":{"start":{"line":22,"column":12},"end":{"line":22,"column":null}},"11":{"start":{"line":5,"column":0},"end":{"line":5,"column":16}},"12":{"start":{"line":31,"column":16},"end":{"line":31,"column":47}},"13":{"start":{"line":32,"column":0},"end":{"line":32,"column":null}},"14":{"start":{"line":35,"column":29},"end":{"line":35,"column":31}},"15":{"start":{"line":36,"column":4},"end":{"line":36,"column":null}},"16":{"start":{"line":37,"column":4},"end":{"line":37,"column":null}},"17":{"start":{"line":40,"column":12},"end":{"line":40,"column":24}},"18":{"start":{"line":41,"column":4},"end":{"line":44,"column":null}},"19":{"start":{"line":42,"column":8},"end":{"line":42,"column":null}},"20":{"start":{"line":45,"column":4},"end":{"line":50,"column":null}},"21":{"start":{"line":45,"column":14},"end":{"line":45,"column":19}},"22":{"start":{"line":46,"column":8},"end":{"line":46,"column":null}},"23":{"start":{"line":47,"column":8},"end":{"line":47,"column":null}},"24":{"start":{"line":48,"column":8},"end":{"line":48,"column":null}},"25":{"start":{"line":53,"column":18},"end":{"line":53,"column":26}},"26":{"start":{"line":54,"column":8},"end":{"line":54,"column":null}},"27":{"start":{"line":55,"column":8},"end":{"line":55,"column":null}},"28":{"start":{"line":34,"column":0},"end":{"line":34,"column":16}},"29":{"start":{"line":61,"column":16},"end":{"line":61,"column":43}},"30":{"start":{"line":62,"column":0},"end":{"line":62,"column":null}},"31":{"start":{"line":67,"column":29},"end":{"line":67,"column":31}},"32":{"start":{"line":68,"column":4},"end":{"line":68,"column":null}},"33":{"start":{"line":69,"column":4},"end":{"line":69,"column":null}},"34":{"start":{"line":73,"column":14},"end":{"line":73,"column":26}},"35":{"start":{"line":74,"column":4},"end":{"line":88,"column":null}},"36":{"start":{"line":74,"column":14},"end":{"line":74,"column":15}},"37":{"start":{"line":75,"column":8},"end":{"line":87,"column":null}},"38":{"start":{"line":75,"column":18},"end":{"line":75,"column":19}},"39":{"start":{"line":76,"column":12},"end":{"line":78,"column":null}},"40":{"start":{"line":77,"column":16},"end":{"line":77,"column":24}},"41":{"start":{"line":79,"column":12},"end":{"line":86,"column":null}},"42":{"start":{"line":79,"column":22},"end":{"line":79,"column":23}},"43":{"start":{"line":80,"column":16},"end":{"line":83,"column":null}},"44":{"start":{"line":82,"column":20},"end":{"line":82,"column":28}},"45":{"start":{"line":85,"column":16},"end":{"line":85,"column":null}},"46":{"start":{"line":65,"column":0},"end":{"line":65,"column":16}}},"fnMap":{"0":{"name":"decFunction1","decl":{"start":{"line":5,"column":16},"end":{"line":5,"column":28}},"loc":{"start":{"line":5,"column":43},"end":{"line":27,"column":1}}},"1":{"name":"permutation","decl":{"start":{"line":10,"column":13},"end":{"line":10,"column":24}},"loc":{"start":{"line":10,"column":57},"end":{"line":26,"column":5}}},"2":{"name":"decFunction2","decl":{"start":{"line":34,"column":16},"end":{"line":34,"column":28}},"loc":{"start":{"line":34,"column":43},"end":{"line":58,"column":1}}},"3":{"name":"perm","decl":{"start":{"line":39,"column":9},"end":{"line":39,"column":13}},"loc":{"start":{"line":39,"column":44},"end":{"line":57,"column":1}}},"4":{"name":"swap","decl":{"start":{"line":52,"column":13},"end":{"line":52,"column":17}},"loc":{"start":{"line":52,"column":50},"end":{"line":56,"column":5}}},"5":{"name":"decFunction3","decl":{"start":{"line":65,"column":16},"end":{"line":65,"column":28}},"loc":{"start":{"line":65,"column":43},"end":{"line":91,"column":1}}},"6":{"name":"backtrackPerm","decl":{"start":{"line":71,"column":9},"end":{"line":71,"column":22}},"loc":{"start":{"line":71,"column":37},"end":{"line":90,"column":1}}}},"branchMap":{"0":{"loc":{"start":{"line":10,"column":40},"end":{"line":10,"column":57}},"type":"default-arg","locations":[{"start":{"line":10,"column":55},"end":{"line":10,"column":57}}]},"1":{"loc":{"start":{"line":13,"column":8},"end":{"line":18,"column":null}},"type":"if","locations":[{"start":{"line":13,"column":8},"end":{"line":18,"column":null}},{"start":{"line":15,"column":14},"end":{"line":18,"column":null}}]},"2":{"loc":{"start":{"line":15,"column":14},"end":{"line":18,"column":null}},"type":"if","locations":[{"start":{"line":15,"column":14},"end":{"line":18,"column":null}}]},"3":{"loc":{"start":{"line":39,"column":30},"end":{"line":39,"column":44}},"type":"default-arg","locations":[{"start":{"line":39,"column":43},"end":{"line":39,"column":44}}]},"4":{"loc":{"start":{"line":41,"column":4},"end":{"line":44,"column":null}},"type":"if","locations":[{"start":{"line":41,"column":4},"end":{"line":44,"column":null}}]},"5":{"loc":{"start":{"line":76,"column":12},"end":{"line":78,"column":null}},"type":"if","locations":[{"start":{"line":76,"column":12},"end":{"line":78,"column":null}}]},"6":{"loc":{"start":{"line":80,"column":16},"end":{"line":83,"column":null}},"type":"if","locations":[{"start":{"line":80,"column":16},"end":{"line":83,"column":null}}]},"7":{"loc":{"start":{"line":80,"column":20},"end":{"line":80,"column":32}},"type":"binary-expr","locations":[{"start":{"line":80,"column":20},"end":{"line":80,"column":24}},{"start":{"line":80,"column":28},"end":{"line":80,"column":32}}]}},"s":{"0":1,"1":1,"2":6,"3":6,"4":6,"5":479,"6":479,"7":302,"8":177,"9":479,"10":473,"11":1,"12":1,"13":1,"14":6,"15":6,"16":6,"17":479,"18":479,"19":177,"20":479,"21":479,"22":473,"23":473,"24":473,"25":946,"26":946,"27":946,"28":1,"29":1,"30":1,"31":2,"32":2,"33":2,"34":2,"35":2,"36":2,"37":6,"38":6,"39":18,"40":6,"41":12,"42":12,"43":36,"44":24,"45":12,"46":1},"f":{"0":6,"1":479,"2":6,"3":479,"4":946,"5":2,"6":2},"b":{"0":[6],"1":[177,302],"2":[177],"3":[6],"4":[177],"5":[6],"6":[24],"7":[36,24]}}
}
