TN:
SF:algorithm\dynamical_programming\longestCommonSubsequence.ts
FN:2,lcsRecursion
FN:20,lcs
FN:22,(anonymous_2)
FN:23,(anonymous_3)
FN:27,lcsHelper
FN:56,findSubString
FNF:6
FNH:6
FNDA:112131,lcsRecursion
FNDA:6,lcs
FNDA:40,(anonymous_2)
FNDA:40,(anonymous_3)
FNDA:6,lcsHelper
FNDA:6,findSubString
DA:2,1
DA:3,112131
DA:4,67350
DA:5,67350
DA:6,67350
DA:7,22575
DA:9,44775
DA:13,1
DA:14,1
DA:15,1
DA:18,1
DA:20,1
DA:22,40
DA:23,40
DA:24,6
DA:25,6
DA:26,6
DA:35,6
DA:36,34
DA:37,264
DA:38,55
DA:39,55
DA:41,209
DA:43,72
DA:44,72
DA:47,137
DA:48,137
DA:55,6
DA:57,6
DA:58,6
DA:59,6
DA:60,6
DA:61,6
DA:62,42
DA:63,42
DA:65,21
DA:66,21
DA:67,21
DA:68,21
DA:69,21
DA:71,10
DA:72,10
DA:74,11
DA:75,11
DA:79,6
DA:82,6
LF:46
LH:46
BRDA:3,0,0,44781
BRDA:3,1,0,112131
BRDA:3,1,1,77497
BRDA:6,2,0,22575
BRDA:37,3,0,55
BRDA:37,3,1,209
BRDA:41,4,0,72
BRDA:41,4,1,137
BRDA:63,5,0,21
BRDA:63,5,1,10
BRDA:63,5,2,11
BRF:11
BRH:11
end_of_record
