TN:
SF:algorithm\backtracking\permutation.ts
FN:5,decFunction1
FN:10,permutation
FN:34,decFunction2
FN:39,perm
FN:52,swap
FN:65,decFunction3
FN:71,backtrackPerm
FNF:7
FNH:7
FNDA:6,decFunction1
FNDA:479,permutation
FNDA:6,decFunction2
FNDA:479,perm
FNDA:946,swap
FNDA:2,decFunction3
FNDA:2,backtrackPerm
DA:2,1
DA:3,1
DA:5,1
DA:6,6
DA:7,6
DA:8,6
DA:12,479
DA:13,479
DA:15,302
DA:17,177
DA:20,479
DA:22,473
DA:31,1
DA:32,1
DA:34,1
DA:35,6
DA:36,6
DA:37,6
DA:40,479
DA:41,479
DA:42,177
DA:45,479
DA:46,473
DA:47,473
DA:48,473
DA:53,946
DA:54,946
DA:55,946
DA:61,1
DA:62,1
DA:65,1
DA:67,2
DA:68,2
DA:69,2
DA:73,2
DA:74,2
DA:75,6
DA:76,18
DA:77,6
DA:79,12
DA:80,36
DA:82,24
DA:85,12
LF:43
LH:43
BRDA:10,0,0,6
BRDA:13,1,0,177
BRDA:13,1,1,302
BRDA:15,2,0,177
BRDA:39,3,0,6
BRDA:41,4,0,177
BRDA:76,5,0,6
BRDA:80,6,0,24
BRDA:80,7,0,36
BRDA:80,7,1,24
BRF:10
BRH:10
end_of_record
